DroidCafeUp-main/app/build/intermediates/manifest_merge_blame_file/debug/manifest-merger-blame-debug-report.txt
1<?xml version="1.0" encoding="utf-8"?>
2<manifest xmlns:android="http://schemas.android.com/apk/res/android"
3    package="com.example.android.droidcafeinput"
4    android:versionCode="1"
5    android:versionName="1.0" >
6
7    <uses-sdk
8        android:minSdkVersion="16"
8-->src\main\AndroidManifest.xml
9        android:targetSdkVersion="30" />
9-->src\main\AndroidManifest.xml
10
11    <application
11-->src\main\AndroidManifest.xml:5:5-34:19
12        android:allowBackup="true"
12-->src\main\AndroidManifest.xml:6:9-35
13        android:appComponentFactory="androidx.core.app.CoreComponentFactory"
13-->[androidx.core:core:1.3.1] AndroidManifest.xml:24:18-86
14        android:debuggable="true"
15        android:icon="@mipmap/ic_launcher"
15-->src\main\AndroidManifest.xml:7:9-43
16        android:label="@string/app_name"
16-->src\main\AndroidManifest.xml:8:9-41
17        android:roundIcon="@mipmap/ic_launcher_round"
17-->src\main\AndroidManifest.xml:9:9-54
18        android:supportsRtl="true"
18-->src\main\AndroidManifest.xml:10:9-35
19        android:testOnly="true"
20        android:theme="@style/AppTheme" >
20-->src\main\AndroidManifest.xml:11:9-40
21        <activity
21-->src\main\AndroidManifest.xml:12:9-15:67
22            android:name="com.example.android.droidcafeinput.SettingsActivity"
22-->src\main\AndroidManifest.xml:13:13-45
23            android:label="@string/title_activity_settings"
23-->src\main\AndroidManifest.xml:14:13-60
24            android:parentActivityName="com.example.android.droidcafeinput.MainActivity" />
24-->src\main\AndroidManifest.xml:15:13-55
25        <activity
25-->src\main\AndroidManifest.xml:16:9-25:20
26            android:name="com.example.android.droidcafeinput.MainActivity"
26-->src\main\AndroidManifest.xml:17:13-41
27            android:label="@string/app_name"
27-->src\main\AndroidManifest.xml:18:13-45
28            android:theme="@style/AppTheme.NoActionBar" >
28-->src\main\AndroidManifest.xml:19:13-56
29            <intent-filter>
29-->src\main\AndroidManifest.xml:20:13-24:29
30                <action android:name="android.intent.action.MAIN" />
30-->src\main\AndroidManifest.xml:21:17-69
30-->src\main\AndroidManifest.xml:21:25-66
31
32                <category android:name="android.intent.category.LAUNCHER" />
32-->src\main\AndroidManifest.xml:23:17-77
32-->src\main\AndroidManifest.xml:23:27-74
33            </intent-filter>
34        </activity>
35        <activity
35-->src\main\AndroidManifest.xml:26:9-33:20
36            android:name="com.example.android.droidcafeinput.OrderActivity"
36-->src\main\AndroidManifest.xml:27:13-42
37            android:label="@string/title_activity_order"
37-->src\main\AndroidManifest.xml:28:13-57
38            android:parentActivityName="com.example.android.droidcafeinput.MainActivity" >
38-->src\main\AndroidManifest.xml:29:13-55
39            <meta-data
39-->src\main\AndroidManifest.xml:30:13-32:49
40                android:name="android.support.PARENT_ACTIVITY"
40-->src\main\AndroidManifest.xml:31:17-63
41                android:value=".MainActivity" />
41-->src\main\AndroidManifest.xml:32:17-46
42        </activity>
43    </application>
44
45</manifest>